00:00:00.051370 main     VirtualBox XPCOM Server 6.1.2 r135662 linux.amd64 (Jan 14 2020 22:33:16) release log
00:00:00.051375 main     Log opened 2020-02-21T03:53:49.112474000Z
00:00:00.051377 main     Build Type: release
00:00:00.051381 main     OS Product: Linux
00:00:00.051383 main     OS Release: 5.5.3-arch1-1
00:00:00.051385 main     OS Version: #1 SMP PREEMPT Tue, 11 Feb 2020 15:35:41 +0000
00:00:00.051433 main     DMI Product Name: HP Pavilion 15 Notebook PC
00:00:00.051495 main     DMI Product Version: 0884100000305B10000610100
00:00:00.051506 main     Firmware type: UEFI
00:00:00.052722 main     Secure Boot: Disabled
00:00:00.052832 main     Host RAM: 7855MB (7.6GB) total, 6817MB (6.6GB) available
00:00:00.052838 main     Executable: /usr/lib/virtualbox/VBoxSVC
00:00:00.052840 main     Process ID: 1783158
00:00:00.052841 main     Package type: LINUX_64BITS_GENERIC (OSE)
00:00:00.056628 main     IPC socket path: /tmp/.vbox-paradox-ipc/ipcd
00:00:00.167885 nspr-2   VirtualBox: object creation starts
00:00:00.168008 nspr-2   Home directory: '/home/paradox/.config/VirtualBox'
00:00:00.185893 nspr-2   Loading settings file "/home/paradox/.config/VirtualBox/VirtualBox.xml" with version "1.12-linux"
00:00:00.194253 nspr-2   Failed to retrive disk info: getDiskName(/dev/mapper/crypt-root) --> crypt-root
00:00:00.225756 nspr-2   NetIfAdpCtlOut: VBoxNetAdpCtl: Error while retrieving link speed for wlo1: VBoxNetAdpCtl: ioctl failed: Operation not supported
00:00:00.226900 nspr-2   HostDnsMonitor: initializing
00:00:00.227381 nspr-2   NAT: resolv.conf: nameserver 192.168.1.1
00:00:00.227437 nspr-2   HostDnsMonitor: updating information
00:00:00.227471 nspr-2   HostDnsMonitor: old information
00:00:00.227483 nspr-2     no server entries
00:00:00.227493 nspr-2     no domain set
00:00:00.227502 nspr-2     no search string entries
00:00:00.227512 nspr-2   HostDnsMonitor: new information
00:00:00.227521 nspr-2     server 1: 192.168.1.1
00:00:00.227531 nspr-2     domain: domain.name
00:00:00.227540 nspr-2     search string 1: domain.name
00:00:00.232268 nspr-2   VD: VDInit finished with VINF_SUCCESS
00:00:00.232463 nspr-2   ERROR [COM]: aRC=NS_ERROR_FAILURE (0x80004005) aIID={027bc463-929c-40e8-bf16-fea557cd8e7e} aComponent={SystemPropertiesWrap} aText={Cannot determine default Guest Additions ISO location. Most likely they are not available}, preserve=false aResultDetail=0
00:00:00.233492 nspr-2   VirtualBox: object created
00:00:12.760483 nspr-2   Saving settings file "/home/paradox/.config/VirtualBox/VirtualBox.xml" with version "1.12-linux"
00:00:13.524050 nspr-3   Saving settings file "/home/paradox/.config/VirtualBox/VirtualBox.xml" with version "1.12-linux"
00:00:14.189250 nspr-3   Saving settings file "/home/paradox/.config/VirtualBox/VirtualBox.xml" with version "1.12-linux"
00:00:14.774370 nspr-3   Saving settings file "/home/paradox/.config/VirtualBox/VirtualBox.xml" with version "1.12-linux"
00:00:20.840865 main     VirtualBox: object deletion starts
00:00:20.841215 main     HostDnsMonitor: shutting down ...
00:00:20.848246 main     HostDnsMonitor: shut down
00:00:21.237886 Watcher  ERROR [COM]: aRC=E_ACCESSDENIED (0x80070005) aIID={d0a0163f-e254-4e5b-a1f2-011cf991c38d} aComponent={VirtualBoxWrap} aText={The object is not ready}, preserve=false aResultDetail=0
00:00:25.848363 main     {00007f98c0017c60} HostPowerServiceLinux::~HostPowerServiceLinux: RTThreadWait() for 5000 ms failed with VERR_TIMEOUT
00:00:25.848562 main     VirtualBox: object deleted
